<?xml version="1.0" encoding="UTF-8"?>
<!-- Generated by org.testng.reporters.JUnitReportReporter -->
<testsuite hostname="DESKTOP-20VBJ30" failures="0" tests="1" name="helloworld.HelloWorld" time="18.834" errors="0" timestamp="2021-03-17T10:41:32 IST" skipped="0">
  <testcase classname="helloworld.HelloWorld" name="openBrowser" time="18.834"/>
  <system-out>
Done  </system-out>
</testsuite> <!-- helloworld.HelloWorld -->
